Watching for file changes with StatReloader
"OPTIONS /api/v1/banners/hero/ HTTP/1.1" 200 0
"OPTIONS /api/v1/products/featured/ HTTP/1.1" 200 0
"OPTIONS /api/v1/products/best_sellers/ HTTP/1.1" 200 0
"OPTIONS /api/v1/products/by_brand/?slug=apple HTTP/1.1" 200 0
"OPTIONS /api/v1/products/by_brand/?slug=infinix HTTP/1.1" 200 0
"OPTIONS /api/v1/products/by_brand/?slug=samsung HTTP/1.1" 200 0
"OPTIONS /api/v1/products/new_arrivals/ HTTP/1.1" 200 0
"OPTIONS /api/v1/cart/ HTTP/1.1" 200 0
"OPTIONS /api/v1/categories/ HTTP/1.1" 200 0
"OPTIONS /api/v1/products/featured/ HTTP/1.1" 200 0
"OPTIONS /api/v1/banners/hero/ HTTP/1.1" 200 0
"OPTIONS /api/v1/products/by_brand/?slug=oppo HTTP/1.1" 200 0
"OPTIONS /api/v1/products/best_sellers/ HTTP/1.1" 200 0
"OPTIONS /api/v1/products/by_brand/?slug=xiaomi HTTP/1.1" 200 0
"OPTIONS /api/v1/products/new_arrivals/ HTTP/1.1" 200 0
"OPTIONS /api/v1/products/by_brand/?slug=oppo HTTP/1.1" 200 0
"OPTIONS /api/v1/products/by_brand/?slug=samsung HTTP/1.1" 200 0
"OPTIONS /api/v1/products/by_brand/?slug=apple HTTP/1.1" 200 0
"OPTIONS /api/v1/products/by_brand/?slug=xiaomi HTTP/1.1" 200 0
"OPTIONS /api/v1/products/by_brand/?slug=infinix HTTP/1.1" 200 0
"OPTIONS /api/v1/cart/ HTTP/1.1" 200 0
"OPTIONS /api/v1/categories/ HTTP/1.1" 200 0
"GET /api/v1/banners/hero/ HTTP/1.1" 200 1327
"GET /api/v1/cart/ HTTP/1.1" 200 92
"GET /api/v1/products/by_brand/?slug=infinix HTTP/1.1" 200 5547
"GET /api/v1/products/best_sellers/ HTTP/1.1" 200 5804
"GET /api/v1/products/by_brand/?slug=apple HTTP/1.1" 200 5551
"GET /api/v1/products/by_brand/?slug=samsung HTTP/1.1" 200 5625
"GET /api/v1/products/featured/ HTTP/1.1" 200 5550
"GET /api/v1/banners/hero/ HTTP/1.1" 200 1327
"GET /api/v1/categories/ HTTP/1.1" 200 2664
"GET /api/v1/cart/ HTTP/1.1" 200 92
"GET /api/v1/products/by_brand/?slug=xiaomi HTTP/1.1" 200 1659
"GET /api/v1/products/new_arrivals/ HTTP/1.1" 200 5908
"GET /api/v1/products/by_brand/?slug=oppo HTTP/1.1" 200 3182
"GET /api/v1/categories/ HTTP/1.1" 200 2664
"GET /api/v1/products/by_brand/?slug=infinix HTTP/1.1" 200 5547
"GET /api/v1/products/best_sellers/ HTTP/1.1" 200 5804
"GET /api/v1/products/by_brand/?slug=samsung HTTP/1.1" 200 5625
"GET /api/v1/products/by_brand/?slug=xiaomi HTTP/1.1" 200 1659
"GET /api/v1/products/by_brand/?slug=apple HTTP/1.1" 200 5551
"GET /api/v1/products/featured/ HTTP/1.1" 200 5550
"GET /api/v1/products/by_brand/?slug=oppo HTTP/1.1" 200 3182
"GET /api/v1/products/new_arrivals/ HTTP/1.1" 200 5908
"GET /api/v1/banners/hero/ HTTP/1.1" 200 1327
"GET /api/v1/products/by_brand/?slug=xiaomi HTTP/1.1" 200 1659
"GET /api/v1/products/by_brand/?slug=oppo HTTP/1.1" 200 3182
"GET /api/v1/products/best_sellers/ HTTP/1.1" 200 5804
"GET /api/v1/products/featured/ HTTP/1.1" 200 5550
"GET /api/v1/products/by_brand/?slug=apple HTTP/1.1" 200 5551
"GET /api/v1/products/new_arrivals/ HTTP/1.1" 200 5908
"GET /api/v1/categories/ HTTP/1.1" 200 2664
"GET /api/v1/banners/hero/ HTTP/1.1" 200 1327
"GET /api/v1/cart/ HTTP/1.1" 200 92
"GET /api/v1/products/by_brand/?slug=xiaomi HTTP/1.1" 200 1659
"GET /api/v1/products/by_brand/?slug=infinix HTTP/1.1" 200 5547
"GET /api/v1/products/by_brand/?slug=oppo HTTP/1.1" 200 3182
"GET /api/v1/categories/ HTTP/1.1" 200 2664
"GET /api/v1/products/by_brand/?slug=samsung HTTP/1.1" 200 5625
"GET /api/v1/cart/ HTTP/1.1" 200 92
"GET /api/v1/products/best_sellers/ HTTP/1.1" 200 5804
"GET /api/v1/products/featured/ HTTP/1.1" 200 5550
"GET /api/v1/products/by_brand/?slug=apple HTTP/1.1" 200 5551
"GET /api/v1/products/new_arrivals/ HTTP/1.1" 200 5908
"GET /api/v1/products/by_brand/?slug=infinix HTTP/1.1" 200 5547
"GET /api/v1/products/by_brand/?slug=samsung HTTP/1.1" 200 5625
